<?xml version="1.0" encoding="UTF-8"?>
<!-- Generated by org.testng.reporters.JUnitReportReporter -->
<testsuite hostname="Yuvan-HP-New" name="com.testng.practice.GmailLogin" tests="1" failures="0" timestamp="23 Dec 2020 21:11:28 GMT" time="4.674" errors="0">
  <testcase name="login" time="4.674" classname="com.testng.practice.GmailLogin"/>
</testsuite> <!-- com.testng.practice.GmailLogin -->
